<?xml version="1.0" encoding="UTF-8"?>
<!-- Generated by org.testng.reporters.JUnitReportReporter -->
<testsuite hostname="LAPTOP-1NI6SG2O" name="com.NewTourRegi041518.NewToursRegi041518" tests="2" failures="0" timestamp="15 Apr 2018 16:32:59 GMT" time="4.034" errors="0">
  <testcase name="UserRegistration" time="3.506" classname="com.NewTourRegi041518.NewToursRegi041518"/>
  <testcase name="Register" time="0.528" classname="com.NewTourRegi041518.NewToursRegi041518"/>
</testsuite> <!-- com.NewTourRegi041518.NewToursRegi041518 -->
