<?xml version="1.0" encoding="UTF-8"?>
<!-- Generated by org.testng.reporters.JUnitReportReporter -->
<testsuite hostname="LAPTOP-1NI6SG2O" name="com.TestNGAnnotations.Annotations3" tests="2" failures="0" timestamp="25 Mar 2018 03:35:35 GMT" time="0.012" errors="0">
  <testcase name="ComposeMail" time="0.008" classname="com.TestNGAnnotations.Annotations3"/>
  <testcase name="InBox" time="0.004" classname="com.TestNGAnnotations.Annotations3"/>
</testsuite> <!-- com.TestNGAnnotations.Annotations3 -->
