<?xml version="1.0" encoding="UTF-8"?>
<!-- Generated by org.testng.reporters.JUnitReportReporter -->
<testsuite hostname="LAPTOP-1NI6SG2O" name="com.TestNGAnnotations.Annotations2" tests="2" failures="0" timestamp="25 Mar 2018 02:45:40 GMT" time="0.007" errors="0">
  <testcase name="ComposeMail" time="0.002" classname="com.TestNGAnnotations.Annotations2"/>
  <testcase name="InBox" time="0.005" classname="com.TestNGAnnotations.Annotations2"/>
</testsuite> <!-- com.TestNGAnnotations.Annotations2 -->
