<?xml version="1.0" encoding="UTF-8"?>
<!-- Generated by org.testng.reporters.JUnitReportReporter -->
<testsuite hostname="LAPTOP-1NI6SG2O" name="sundayclass012118.NewToursMultipleTestData" tests="2" failures="0" timestamp="29 Apr 2018 14:32:07 GMT" time="10.004" errors="0">
  <testcase name="UserRegistration" time="9.362" classname="sundayclass012118.NewToursMultipleTestData"/>
  <testcase name="Register" time="0.642" classname="sundayclass012118.NewToursMultipleTestData"/>
</testsuite> <!-- sundayclass012118.NewToursMultipleTestData -->
