<?xml version="1.0" encoding="UTF-8"?>
<!-- Generated by org.testng.reporters.JUnitReportReporter -->
<testsuite hostname="LAPTOP-1NI6SG2O" name="com.KeyWord.NewToursLogInTest" tests="1" failures="0" timestamp="14 Mar 2018 16:31:25 GMT" time="0.225" errors="0">
  <testcase name="LogIn" time="0.225" classname="com.KeyWord.NewToursLogInTest"/>
</testsuite> <!-- com.KeyWord.NewToursLogInTest -->
