<?xml version="1.0" encoding="UTF-8"?>
<!-- Generated by org.testng.reporters.JUnitReportReporter -->
<testsuite hostname="LAPTOP-1NI6SG2O" name="com.DataDriven.NewTous_NewUserRegistration" tests="2" failures="0" timestamp="19 Feb 2018 17:24:54 GMT" time="3.430" errors="0">
  <testcase name="Register" time="0.717" classname="com.DataDriven.NewTous_NewUserRegistration"/>
  <testcase name="UserRegistration" time="2.713" classname="com.DataDriven.NewTous_NewUserRegistration"/>
</testsuite> <!-- com.DataDriven.NewTous_NewUserRegistration -->
