<?xml version="1.0" encoding="UTF-8"?>
<!-- Generated by org.testng.reporters.JUnitReportReporter -->
<testsuite hostname="LAPTOP-1NI6SG2O" name="sundayclass012118.NewToursMultipleTestData0429" tests="2" failures="0" timestamp="29 Apr 2018 15:50:18 GMT" time="7.876" errors="0">
  <testcase name="UserRegistration" time="7.551" classname="sundayclass012118.NewToursMultipleTestData0429"/>
  <testcase name="Register" time="0.325" classname="sundayclass012118.NewToursMultipleTestData0429"/>
</testsuite> <!-- sundayclass012118.NewToursMultipleTestData0429 -->
