<?xml version="1.0" encoding="UTF-8"?>
<!-- Generated by org.testng.reporters.JUnitReportReporter -->
<testsuite hostname="LAPTOP-1NI6SG2O" name="keyywordSunday053.NewToursSunday0513" tests="1" failures="0" timestamp="13 May 2018 16:32:53 GMT" time="4.741" errors="0">
  <testcase name="LogIn" time="4.741" classname="keyywordSunday053.NewToursSunday0513"/>
</testsuite> <!-- keyywordSunday053.NewToursSunday0513 -->
