<?xml version="1.0" encoding="UTF-8"?>
<!-- Generated by org.testng.reporters.JUnitReportReporter -->
<testsuite hostname="LAPTOP-1NI6SG2O" name="com.DataDriven.NewUserRegistrations_ExcelTestData" tests="2" failures="0" timestamp="21 Feb 2018 17:32:35 GMT" time="22.087" errors="0">
  <testcase name="UserRegistration" time="16.098" classname="com.DataDriven.NewUserRegistrations_ExcelTestData"/>
  <testcase name="Register" time="5.989" classname="com.DataDriven.NewUserRegistrations_ExcelTestData"/>
</testsuite> <!-- com.DataDriven.NewUserRegistrations_ExcelTestData -->
