<?xml version="1.0" encoding="UTF-8"?>
<!-- Generated by org.testng.reporters.JUnitReportReporter -->
<testsuite hostname="LAPTOP-1NI6SG2O" name="NewTourDataDriven041518" tests="2" failures="0" timestamp="15 Apr 2018 14:22:19 GMT" time="2.517" errors="0">
  <testcase name="UserRegistration" time="2.048" classname="NewTourDataDriven041518"/>
  <testcase name="Register" time="0.469" classname="NewTourDataDriven041518"/>
</testsuite> <!-- NewTourDataDriven041518 -->
