<?xml version="1.0" encoding="UTF-8"?>
<!-- Generated by org.testng.reporters.JUnitReportReporter -->
<testsuite hostname="LAPTOP-1NI6SG2O" name="sundayclass012118.Annotation3" tests="2" failures="0" timestamp="25 Mar 2018 03:38:39 GMT" time="0.012" errors="0">
  <testcase name="ComposeMail" time="0.007" classname="sundayclass012118.Annotation3"/>
  <testcase name="LogIn" time="0.005" classname="sundayclass012118.Annotation3"/>
</testsuite> <!-- sundayclass012118.Annotation3 -->
