<?xml version="1.0" encoding="UTF-8"?>
<!-- Generated by org.testng.reporters.JUnitReportReporter -->
<testsuite hostname="LAPTOP-1NI6SG2O" name="com.TestNGAnnotations.Annotations1" tests="3" failures="0" timestamp="25 Mar 2018 02:43:01 GMT" time="0.018" errors="0">
  <testcase name="LogIn" time="0.001" classname="com.TestNGAnnotations.Annotations1"/>
  <testcase name="ComposeMail" time="0.004" classname="com.TestNGAnnotations.Annotations1"/>
  <testcase name="BrowserLaunch" time="0.013" classname="com.TestNGAnnotations.Annotations1"/>
</testsuite> <!-- com.TestNGAnnotations.Annotations1 -->
