<?xml version="1.0" encoding="UTF-8"?>
<!-- Generated by org.testng.reporters.JUnitReportReporter -->
<testsuite hostname="LAPTOP-1NI6SG2O" name="sundayclass012118.Annotations1" tests="3" failures="0" timestamp="25 Mar 2018 03:22:34 GMT" time="0.010" errors="0">
  <testcase name="LogIn" time="0.001" classname="sundayclass012118.Annotations1"/>
  <testcase name="ComposeMail" time="0.000" classname="sundayclass012118.Annotations1"/>
  <testcase name="BrowserLunch" time="0.009" classname="sundayclass012118.Annotations1"/>
</testsuite> <!-- sundayclass012118.Annotations1 -->
