<?xml version="1.0" encoding="UTF-8"?>
<!-- Generated by org.testng.reporters.JUnitReportReporter -->
<testsuite hostname="LAPTOP-1NI6SG2O" name="com.POM.NewToursHomePageTesting" tests="1" failures="0" timestamp="21 Feb 2018 17:32:35 GMT" time="81.323" errors="0">
  <testcase name="HomePageTesting" time="81.323" classname="com.POM.NewToursHomePageTesting"/>
</testsuite> <!-- com.POM.NewToursHomePageTesting -->
