<?xml version="1.0" encoding="UTF-8"?>
<!-- Generated by org.testng.reporters.JUnitReportReporter -->
<testsuite hostname="LAPTOP-1NI6SG2O" name="com.Keyword0513.NewTours0513" tests="1" failures="0" timestamp="13 May 2018 14:56:04 GMT" time="6.067" errors="0">
  <testcase name="LogIn" time="6.067" classname="com.Keyword0513.NewTours0513"/>
</testsuite> <!-- com.Keyword0513.NewTours0513 -->
