<?xml version="1.0" encoding="UTF-8"?>
<!-- Generated by org.testng.reporters.JUnitReportReporter -->
<testsuite hostname="LAPTOP-1NI6SG2O" name="com.DataDriven.NewUserRegistrations_ExcelTestData" tests="2" failures="0" timestamp="22 Apr 2018 04:41:34 GMT" time="6.895" errors="0">
  <testcase name="Register" time="0.557" classname="com.DataDriven.NewUserRegistrations_ExcelTestData"/>
  <testcase name="UserRegistration" time="6.338" classname="com.DataDriven.NewUserRegistrations_ExcelTestData"/>
</testsuite> <!-- com.DataDriven.NewUserRegistrations_ExcelTestData -->
