<?xml version="1.0" encoding="UTF-8"?>
<!-- Generated by org.testng.reporters.JUnitReportReporter -->
<testsuite hostname="LAPTOP-1NI6SG2O" name="sundayclass012118.NewToursRegist042218" tests="2" failures="0" timestamp="22 Apr 2018 17:54:14 GMT" time="4.026" errors="0">
  <testcase name="UserRegistration" time="3.383" classname="sundayclass012118.NewToursRegist042218"/>
  <testcase name="Register" time="0.643" classname="sundayclass012118.NewToursRegist042218"/>
</testsuite> <!-- sundayclass012118.NewToursRegist042218 -->
