<?xml version="1.0" encoding="UTF-8"?>
<!-- Generated by org.testng.reporters.JUnitReportReporter -->
<testsuite hostname="LAPTOP-1NI6SG2O" name="sundayclass012118.Annotation11" tests="2" failures="0" timestamp="25 Mar 2018 16:02:01 GMT" time="0.011" errors="0">
  <testcase name="CompseeMail" time="0.006" classname="sundayclass012118.Annotation11"/>
  <testcase name="LogIn" time="0.005" classname="sundayclass012118.Annotation11"/>
</testsuite> <!-- sundayclass012118.Annotation11 -->
