<?xml version="1.0" encoding="UTF-8"?>
<!-- Generated by org.testng.reporters.JUnitReportReporter -->
<testsuite hostname="LAPTOP-1NI6SG2O" name="com.TestNGAnnotations.Annotations3" tests="2" failures="0" timestamp="12 Feb 2018 17:17:18 GMT" time="0.027" errors="0">
  <testcase name="InBox" time="0.020" classname="com.TestNGAnnotations.Annotations3"/>
  <testcase name="ComposeMail" time="0.007" classname="com.TestNGAnnotations.Annotations3"/>
</testsuite> <!-- com.TestNGAnnotations.Annotations3 -->
