<?xml version="1.0" encoding="UTF-8"?>
<!-- Generated by org.testng.reporters.JUnitReportReporter -->
<testsuite hostname="LAPTOP-1NI6SG2O" name="com.KeyWord.NewToursLogInTest" tests="1" failures="0" timestamp="21 Feb 2018 17:32:35 GMT" time="14.994" errors="0">
  <testcase name="LogIn" time="14.994" classname="com.KeyWord.NewToursLogInTest"/>
</testsuite> <!-- com.KeyWord.NewToursLogInTest -->
