<?xml version="1.0" encoding="UTF-8"?>
<!-- Generated by org.testng.reporters.JUnitReportReporter -->
<testsuite hostname="LAPTOP-1NI6SG2O" name="com.DataDriven.NewTours_NewUserRegistration_MultipleTestData" tests="2" failures="0" timestamp="21 Feb 2018 17:32:35 GMT" time="53.867" errors="0">
  <testcase name="UserRegistration" time="53.257" classname="com.DataDriven.NewTours_NewUserRegistration_MultipleTestData"/>
  <testcase name="Register" time="0.610" classname="com.DataDriven.NewTours_NewUserRegistration_MultipleTestData"/>
</testsuite> <!-- com.DataDriven.NewTours_NewUserRegistration_MultipleTestData -->
