<?xml version="1.0" encoding="UTF-8"?>
<!-- Generated by org.testng.reporters.JUnitReportReporter -->
<testsuite hostname="LAPTOP-1NI6SG2O" name="com.DataDriven.NewTours_NewUserRegistration_MultipleTestData" tests="4" failures="0" timestamp="10 Apr 2018 00:38:06 GMT" time="19.501" errors="0">
  <testcase name="Register" time="0.450" classname="com.DataDriven.NewTours_NewUserRegistration_MultipleTestData"/>
  <testcase name="UserRegistration" time="7.404" classname="com.DataDriven.NewTours_NewUserRegistration_MultipleTestData"/>
  <testcase name="Register" time="1.131" classname="com.DataDriven.NewTours_NewUserRegistration_MultipleTestData"/>
  <testcase name="UserRegistration" time="10.516" classname="com.DataDriven.NewTours_NewUserRegistration_MultipleTestData"/>
</testsuite> <!-- com.DataDriven.NewTours_NewUserRegistration_MultipleTestData -->
