<?xml version="1.0" encoding="UTF-8"?>
<!-- Generated by org.testng.reporters.JUnitReportReporter -->
<testsuite hostname="LAPTOP-1NI6SG2O" name="sundayclass012118.Annotation9" tests="3" failures="0" timestamp="25 Mar 2018 15:59:14 GMT" time="0.011" errors="0">
  <testcase name="LogIn" time="0.001" classname="sundayclass012118.Annotation9"/>
  <testcase name="CompseeMail" time="0.001" classname="sundayclass012118.Annotation9"/>
  <testcase name="BrowserLunch" time="0.009" classname="sundayclass012118.Annotation9"/>
</testsuite> <!-- sundayclass012118.Annotation9 -->
