<?xml version="1.0" encoding="UTF-8"?>
<!-- Generated by org.testng.reporters.JUnitReportReporter -->
<testsuite hostname="LAPTOP-1NI6SG2O" name="sundayclass012118.Annotations2" tests="2" failures="0" timestamp="25 Mar 2018 03:35:08 GMT" time="0.008" errors="0">
  <testcase name="ComposeMail" time="0.004" classname="sundayclass012118.Annotations2"/>
  <testcase name="LogIn" time="0.004" classname="sundayclass012118.Annotations2"/>
</testsuite> <!-- sundayclass012118.Annotations2 -->
