<?xml version="1.0" encoding="UTF-8"?>
<!-- Generated by org.testng.reporters.JUnitReportReporter -->
<testsuite hostname="LAPTOP-1NI6SG2O" name="com.TestNGAnnotations.Annotations2" tests="2" failures="0" timestamp="12 Feb 2018 17:13:36 GMT" time="0.010" errors="0">
  <testcase name="InBox" time="0.006" classname="com.TestNGAnnotations.Annotations2"/>
  <testcase name="ComposeMail" time="0.004" classname="com.TestNGAnnotations.Annotations2"/>
</testsuite> <!-- com.TestNGAnnotations.Annotations2 -->
